[0403/103657.809:INFO:CONSOLE(0)] "Error with Permissions-Policy header: Feature xr-spatial-tracking's parameters are ignored.", source:  (0)
[0403/103657.809:INFO:CONSOLE(0)] "Error with Permissions-Policy header: Origin trial controlled feature not enabled: 'attribution-reporting'.", source:  (0)
[0403/103657.809:INFO:CONSOLE(0)] "Error with Permissions-Policy header: Unrecognized feature: 'compute-pressure'.", source:  (0)
[0403/103657.809:INFO:CONSOLE(0)] "Error with Permissions-Policy header: Origin trial controlled feature not enabled: 'interest-cohort'.", source:  (0)
[0403/103657.809:INFO:CONSOLE(0)] "Error with Permissions-Policy header: Unrecognized feature: 'private-state-token-issuance'.", source:  (0)
[0403/103657.809:INFO:CONSOLE(0)] "Error with Permissions-Policy header: Origin trial controlled feature not enabled: 'shared-storage'.", source:  (0)
[0403/103657.810:INFO:CONSOLE(0)] "Error with Permissions-Policy header: Unrecognized feature: 'shared-storage-select-url'.", source:  (0)
[0403/103657.810:INFO:CONSOLE(0)] "Error with Permissions-Policy header: Unrecognized feature: 'private-state-token-redemption'.", source:  (0)
[0403/103657.810:INFO:CONSOLE(0)] "Error with Permissions-Policy header: Unrecognized feature: 'unload'.", source:  (0)
[0403/103657.810:INFO:CONSOLE(0)] "Error with Permissions-Policy header: Unrecognized feature: 'window-management'.", source:  (0)
[0403/103702.051:INFO:CONSOLE(157)] "Event handler of 'x-storagemutated-1' event must be added on the initial evaluation of worker script.", source: https://static.whatsapp.net/rsrc.php/v4/yH/r/rkMTemCbx4z.js (157)
[0403/103943.573:INFO:CONSOLE(4)] "Uncaught (in promise) Error: window is not defined", source: https://web.whatsapp.com/ (4)
[0403/103944.989:INFO:CONSOLE(157)] "Event handler of 'x-storagemutated-1' event must be added on the initial evaluation of worker script.", source: https://static.whatsapp.net/rsrc.php/v4/yH/r/rkMTemCbx4z.js (157)
[0403/104000.501:INFO:CONSOLE(268)] "Uncaught (in promise) Error: Failed to find row in chat table", source: https://static.whatsapp.net/rsrc.php/v4/y3/r/yiptSa6Rz3I.js (268)
[0403/104000.505:INFO:CONSOLE(268)] "Uncaught (in promise) Error: Failed to find row in chat table", source: https://static.whatsapp.net/rsrc.php/v4/y3/r/yiptSa6Rz3I.js (268)
[0403/104000.509:INFO:CONSOLE(268)] "Uncaught (in promise) Error: Failed to find row in chat table", source: https://static.whatsapp.net/rsrc.php/v4/y3/r/yiptSa6Rz3I.js (268)
[0403/104000.513:INFO:CONSOLE(268)] "Uncaught (in promise) Error: Failed to find row in chat table", source: https://static.whatsapp.net/rsrc.php/v4/y3/r/yiptSa6Rz3I.js (268)
[0403/104000.518:INFO:CONSOLE(268)] "Uncaught (in promise) Error: Failed to find row in chat table", source: https://static.whatsapp.net/rsrc.php/v4/y3/r/yiptSa6Rz3I.js (268)
[0403/104000.524:INFO:CONSOLE(268)] "Uncaught (in promise) Error: Failed to find row in chat table", source: https://static.whatsapp.net/rsrc.php/v4/y3/r/yiptSa6Rz3I.js (268)
[0403/104000.528:INFO:CONSOLE(268)] "Uncaught (in promise) Error: Failed to find row in chat table", source: https://static.whatsapp.net/rsrc.php/v4/y3/r/yiptSa6Rz3I.js (268)
[0403/104000.528:INFO:CONSOLE(268)] "Uncaught (in promise) Error: Failed to find row in chat table", source: https://static.whatsapp.net/rsrc.php/v4/y3/r/yiptSa6Rz3I.js (268)
[0403/104000.529:INFO:CONSOLE(268)] "Uncaught (in promise) Error: Failed to find row in chat table", source: https://static.whatsapp.net/rsrc.php/v4/y3/r/yiptSa6Rz3I.js (268)
[0403/104000.530:INFO:CONSOLE(268)] "Uncaught (in promise) Error: Failed to find row in chat table", source: https://static.whatsapp.net/rsrc.php/v4/y3/r/yiptSa6Rz3I.js (268)
[0403/104000.530:INFO:CONSOLE(268)] "Uncaught (in promise) Error: Failed to find row in chat table", source: https://static.whatsapp.net/rsrc.php/v4/y3/r/yiptSa6Rz3I.js (268)
[0403/104000.530:INFO:CONSOLE(268)] "Uncaught (in promise) Error: Failed to find row in chat table", source: https://static.whatsapp.net/rsrc.php/v4/y3/r/yiptSa6Rz3I.js (268)
